\BOOKMARK [0][-]{chapter.0}{Introduction and review}{}% 1
\BOOKMARK [1][-]{section.0.1}{The scientific method}{chapter.0}% 2
\BOOKMARK [1][-]{section.0.2}{What is physics?}{chapter.0}% 3
\BOOKMARK [2][-]{subsection.0.2.1}{Isolated systems and reductionism}{section.0.2}% 4
\BOOKMARK [1][-]{section.0.3}{How to learn physics}{chapter.0}% 5
\BOOKMARK [1][-]{section.0.4}{Self-evaluation}{chapter.0}% 6
\BOOKMARK [1][-]{section.0.5}{Basics of the metric system}{chapter.0}% 7
\BOOKMARK [2][-]{subsection.0.5.1}{The metric system}{section.0.5}% 8
\BOOKMARK [2][-]{subsection.0.5.2}{The second}{section.0.5}% 9
\BOOKMARK [2][-]{subsection.0.5.3}{The meter}{section.0.5}% 10
\BOOKMARK [2][-]{subsection.0.5.4}{The kilogram}{section.0.5}% 11
\BOOKMARK [2][-]{subsection.0.5.5}{Combinations of metric units}{section.0.5}% 12
\BOOKMARK [2][-]{subsection.0.5.6}{Checking units}{section.0.5}% 13
\BOOKMARK [1][-]{section.0.6}{The Newton, the metric unit of force}{chapter.0}% 14
\BOOKMARK [1][-]{section.0.7}{Less common metric prefixes}{chapter.0}% 15
\BOOKMARK [1][-]{section.0.8}{Scientific notation}{chapter.0}% 16
\BOOKMARK [1][-]{section.0.9}{Conversions}{chapter.0}% 17
\BOOKMARK [2][-]{subsection.0.9.1}{Should that exponent be positive, or negative?}{section.0.9}% 18
\BOOKMARK [1][-]{section.0.10}{Significant figures}{chapter.0}% 19
\BOOKMARK [1][-]{egctr.0.3}{Summary}{chapter.0}% 20
\BOOKMARK [1][-]{egctr.0.3}{Problems}{chapter.0}% 21
\BOOKMARK [1][-]{figctr.0.9}{Exercise 0: Models and idealization}{chapter.0}% 22
\BOOKMARK [0][-]{chapter.1}{Scaling and estimation}{}% 23
\BOOKMARK [1][-]{section.1.1}{Introduction}{chapter.1}% 24
\BOOKMARK [2][-]{subsection.1.1.1}{Area and volume}{section.1.1}% 25
\BOOKMARK [1][-]{section.1.2}{Scaling of area and volume}{chapter.1}% 26
\BOOKMARK [2][-]{subsection.1.2.1}{Galileo on the behavior of nature on large and small scales}{section.1.2}% 27
\BOOKMARK [2][-]{subsection.1.2.2}{Scaling of area and volume for irregularly shaped objects}{section.1.2}% 28
\BOOKMARK [1][-]{section.1.3}{ Scaling applied to biology}{chapter.1}% 29
\BOOKMARK [2][-]{subsection.1.3.1}{Organisms of different sizes with the same shape}{section.1.3}% 30
\BOOKMARK [2][-]{subsection.1.3.2}{Changes in shape to accommodate changes in size}{section.1.3}% 31
\BOOKMARK [1][-]{section.1.4}{Order-of-magnitude estimates}{chapter.1}% 32
\BOOKMARK [1][-]{Item.4}{Summary}{chapter.1}% 33
\BOOKMARK [1][-]{Item.4}{Problems}{chapter.1}% 34
\BOOKMARK [1][-]{figctr.1.25}{Exercise 1: Scaling applied to leaves}{chapter.1}% 35
\BOOKMARK [-1][-]{part.1}{ Motion in one dimension}{}% 36
\BOOKMARK [0][-]{chapter.2}{Velocity and Relative Motion}{part.1}% 37
\BOOKMARK [1][-]{section.2.1}{Types of motion}{chapter.2}% 38
\BOOKMARK [2][-]{subsection.2.1.1}{Rigid-body motion distinguished from motion that changes an object's shape}{section.2.1}% 39
\BOOKMARK [2][-]{subsection.2.1.2}{Center-of-mass motion as opposed to rotation}{section.2.1}% 40
\BOOKMARK [2][-]{subsection.2.1.3}{Center-of-mass motion in one dimension}{section.2.1}% 41
\BOOKMARK [1][-]{section.2.2}{Describing distance and time}{chapter.2}% 42
\BOOKMARK [2][-]{subsection.2.2.1}{A point in time as opposed to duration}{section.2.2}% 43
\BOOKMARK [2][-]{subsection.2.2.2}{Position as opposed to change in position}{section.2.2}% 44
\BOOKMARK [2][-]{subsection.2.2.3}{Frames of reference}{section.2.2}% 45
\BOOKMARK [1][-]{section.2.3}{Graphs of motion; velocity}{chapter.2}% 46
\BOOKMARK [2][-]{subsection.2.3.1}{Motion with constant velocity}{section.2.3}% 47
\BOOKMARK [2][-]{subsection.2.3.2}{Motion with changing velocity}{section.2.3}% 48
\BOOKMARK [2][-]{subsection.2.3.3}{Conventions about graphing}{section.2.3}% 49
\BOOKMARK [1][-]{section.2.4}{The principle of inertia}{chapter.2}% 50
\BOOKMARK [2][-]{subsection.2.4.1}{Physical effects relate only to a change in velocity}{section.2.4}% 51
\BOOKMARK [2][-]{subsection.2.4.2}{Motion is relative}{section.2.4}% 52
\BOOKMARK [1][-]{section.2.5}{Addition of velocities}{chapter.2}% 53
\BOOKMARK [2][-]{subsection.2.5.1}{Addition of velocities to describe relative motion}{section.2.5}% 54
\BOOKMARK [2][-]{subsection.2.5.2}{Negative velocities in relative motion}{section.2.5}% 55
\BOOKMARK [1][-]{section.2.6}{Graphs of velocity versus time}{chapter.2}% 56
\BOOKMARK [1][-]{section.2.7}{ Applications of calculus}{chapter.2}% 57
\BOOKMARK [1][-]{section.2.7}{Summary}{chapter.2}% 58
\BOOKMARK [1][-]{section.2.7}{Problems}{chapter.2}% 59
\BOOKMARK [0][-]{chapter.3}{Acceleration and free fall}{part.1}% 60
\BOOKMARK [1][-]{section.3.1}{The motion of falling objects}{chapter.3}% 61
\BOOKMARK [2][-]{subsection.3.1.1}{How the speed of a falling object increases with time}{section.3.1}% 62
\BOOKMARK [2][-]{subsection.3.1.2}{A contradiction in Aristotle's reasoning}{section.3.1}% 63
\BOOKMARK [2][-]{subsection.3.1.3}{What is gravity?}{section.3.1}% 64
\BOOKMARK [1][-]{section.3.2}{Acceleration}{chapter.3}% 65
\BOOKMARK [2][-]{subsection.3.2.1}{Definition of acceleration for linear v-t graphs}{section.3.2}% 66
\BOOKMARK [2][-]{subsection.3.2.2}{The acceleration of gravity is different in different locations.}{section.3.2}% 67
\BOOKMARK [1][-]{section.3.3}{Positive and negative acceleration}{chapter.3}% 68
\BOOKMARK [1][-]{section.3.4}{Varying acceleration}{chapter.3}% 69
\BOOKMARK [1][-]{section.3.5}{The area under the velocity-time graph}{chapter.3}% 70
\BOOKMARK [1][-]{section.3.6}{Algebraic results for constant acceleration}{chapter.3}% 71
\BOOKMARK [1][-]{section.3.7}{ A test of the principle of inertia}{chapter.3}% 72
\BOOKMARK [1][-]{section.3.8}{ Applications of calculus}{chapter.3}% 73
\BOOKMARK [1][-]{section.3.8}{Summary}{chapter.3}% 74
\BOOKMARK [1][-]{section.3.8}{Problems}{chapter.3}% 75
\BOOKMARK [0][-]{chapter.4}{Force and motion}{part.1}% 76
\BOOKMARK [1][-]{section.4.1}{Force}{chapter.4}% 77
\BOOKMARK [2][-]{subsection.4.1.1}{We need only explain changes in motion, not motion itself.}{section.4.1}% 78
\BOOKMARK [2][-]{subsection.4.1.2}{Motion changes due to an interaction between two objects.}{section.4.1}% 79
\BOOKMARK [2][-]{subsection.4.1.3}{Forces can all be measured on the same numerical scale.}{section.4.1}% 80
\BOOKMARK [2][-]{subsection.4.1.4}{More than one force on an object}{section.4.1}% 81
\BOOKMARK [2][-]{subsection.4.1.5}{Objects can exert forces on each other at a distance.}{section.4.1}% 82
\BOOKMARK [2][-]{subsection.4.1.6}{Weight}{section.4.1}% 83
\BOOKMARK [2][-]{subsection.4.1.7}{Positive and negative signs of force}{section.4.1}% 84
\BOOKMARK [1][-]{section.4.2}{Newton's first law}{chapter.4}% 85
\BOOKMARK [2][-]{subsection.4.2.1}{More general combinations of forces}{section.4.2}% 86
\BOOKMARK [1][-]{section.4.3}{Newton's second law}{chapter.4}% 87
\BOOKMARK [2][-]{subsection.4.3.1}{A generalization}{section.4.3}% 88
\BOOKMARK [2][-]{subsection.4.3.2}{The relationship between mass and weight}{section.4.3}% 89
\BOOKMARK [1][-]{section.4.4}{What force is not}{chapter.4}% 90
\BOOKMARK [2][-]{subsection.4.4.1}{1. Force is not a property of one object.}{section.4.4}% 91
\BOOKMARK [2][-]{subsection.4.4.2}{2. Force is not a measure of an object's motion.}{section.4.4}% 92
\BOOKMARK [2][-]{subsection.4.4.3}{3. Force is not energy.}{section.4.4}% 93
\BOOKMARK [2][-]{subsection.4.4.4}{4. Force is not stored or used up.}{section.4.4}% 94
\BOOKMARK [2][-]{subsection.4.4.5}{5. Forces need not be exerted by living things or machines.}{section.4.4}% 95
\BOOKMARK [2][-]{subsection.4.4.6}{6. A force is the direct cause of a change in motion.}{section.4.4}% 96
\BOOKMARK [1][-]{section.4.5}{Inertial and noninertial frames of reference}{chapter.4}% 97
\BOOKMARK [1][-]{dqctr.4.5.0.1}{Summary}{chapter.4}% 98
\BOOKMARK [1][-]{dqctr.4.5.0.1}{Problems}{chapter.4}% 99
\BOOKMARK [1][-]{figctr.4.13}{Exercise 4: Force and motion}{chapter.4}% 100
\BOOKMARK [0][-]{chapter.5}{Analysis of forces}{part.1}% 101
\BOOKMARK [1][-]{section.5.1}{Newton's third law}{chapter.5}% 102
\BOOKMARK [2][-]{subsection.5.1.1}{A mnemonic for using Newton's third law correctly}{section.5.1}% 103
\BOOKMARK [1][-]{section.5.2}{Classification and behavior of forces}{chapter.5}% 104
\BOOKMARK [2][-]{subsection.5.2.1}{Normal forces}{section.5.2}% 105
\BOOKMARK [2][-]{subsection.5.2.2}{Gravitational forces}{section.5.2}% 106
\BOOKMARK [2][-]{subsection.5.2.3}{Static and kinetic friction}{section.5.2}% 107
\BOOKMARK [2][-]{subsection.5.2.4}{Fluid friction}{section.5.2}% 108
\BOOKMARK [1][-]{section.5.3}{Analysis of forces}{chapter.5}% 109
\BOOKMARK [1][-]{section.5.4}{Transmission of forces by low-mass objects}{chapter.5}% 110
\BOOKMARK [1][-]{section.5.5}{Objects under strain}{chapter.5}% 111
\BOOKMARK [1][-]{section.5.6}{Simple Machines: the pulley}{chapter.5}% 112
\BOOKMARK [1][-]{egctr.5.9}{Summary}{chapter.5}% 113
\BOOKMARK [1][-]{egctr.5.9}{Problems}{chapter.5}% 114
\BOOKMARK [-1][-]{part.2}{ Motion in three dimensions}{}% 115
\BOOKMARK [0][-]{chapter.6}{Newton's laws in three dimensions}{part.2}% 116
\BOOKMARK [1][-]{section.6.1}{Forces have no perpendicular effects}{chapter.6}% 117
\BOOKMARK [2][-]{subsection.6.1.1}{Relationship to relative motion}{section.6.1}% 118
\BOOKMARK [1][-]{section.6.2}{Coordinates and components}{chapter.6}% 119
\BOOKMARK [2][-]{subsection.6.2.1}{Projectiles move along parabolas.}{section.6.2}% 120
\BOOKMARK [1][-]{section.6.3}{Newton's laws in three dimensions}{chapter.6}% 121
\BOOKMARK [1][-]{dqctr.6.3.0.1}{Summary}{chapter.6}% 122
\BOOKMARK [1][-]{dqctr.6.3.0.1}{Problems}{chapter.6}% 123
\BOOKMARK [0][-]{chapter.7}{Vectors}{part.2}% 124
\BOOKMARK [1][-]{section.7.1}{Vector notation}{chapter.7}% 125
\BOOKMARK [2][-]{subsection.7.1.1}{Drawing vectors as arrows}{section.7.1}% 126
\BOOKMARK [1][-]{section.7.2}{Calculations with magnitude and direction}{chapter.7}% 127
\BOOKMARK [1][-]{section.7.3}{Techniques for adding vectors}{chapter.7}% 128
\BOOKMARK [2][-]{subsection.7.3.1}{Addition of vectors given their components}{section.7.3}% 129
\BOOKMARK [2][-]{subsection.7.3.2}{Addition of vectors given their magnitudes and directions}{section.7.3}% 130
\BOOKMARK [2][-]{subsection.7.3.3}{Graphical addition of vectors}{section.7.3}% 131
\BOOKMARK [1][-]{section.7.4}{ Unit vector notation}{chapter.7}% 132
\BOOKMARK [1][-]{section.7.5}{ Rotational invariance}{chapter.7}% 133
\BOOKMARK [1][-]{egctr.7.8}{Summary}{chapter.7}% 134
\BOOKMARK [1][-]{egctr.7.8}{Problems}{chapter.7}% 135
\BOOKMARK [0][-]{chapter.8}{Vectors and motion}{part.2}% 136
\BOOKMARK [1][-]{section.8.1}{The velocity vector}{chapter.8}% 137
\BOOKMARK [1][-]{section.8.2}{The acceleration vector}{chapter.8}% 138
\BOOKMARK [1][-]{section.8.3}{The force vector and simple machines}{chapter.8}% 139
\BOOKMARK [1][-]{section.8.4}{ Calculus with vectors}{chapter.8}% 140
\BOOKMARK [1][-]{egctr.8.9}{Summary}{chapter.8}% 141
\BOOKMARK [1][-]{egctr.8.9}{Problems}{chapter.8}% 142
\BOOKMARK [1][-]{figctr.8.22}{Exercise 8: Vectors and motion}{chapter.8}% 143
\BOOKMARK [0][-]{chapter.9}{Circular motion}{part.2}% 144
\BOOKMARK [1][-]{section.9.1}{Conceptual framework}{chapter.9}% 145
\BOOKMARK [2][-]{subsection.9.1.1}{Circular motion does not produce an outward force}{section.9.1}% 146
\BOOKMARK [2][-]{subsection.9.1.2}{Circular motion does not persist without a force}{section.9.1}% 147
\BOOKMARK [2][-]{subsection.9.1.3}{Uniform and nonuniform circular motion}{section.9.1}% 148
\BOOKMARK [2][-]{subsection.9.1.4}{Only an inward force is required for uniform circular motion.}{section.9.1}% 149
\BOOKMARK [2][-]{subsection.9.1.5}{In uniform circular motion, the acceleration vector is inward.}{section.9.1}% 150
\BOOKMARK [1][-]{section.9.2}{Uniform circular motion}{chapter.9}% 151
\BOOKMARK [1][-]{section.9.3}{Nonuniform circular motion}{chapter.9}% 152
\BOOKMARK [1][-]{egctr.9.9}{Summary}{chapter.9}% 153
\BOOKMARK [1][-]{egctr.9.9}{Problems}{chapter.9}% 154
\BOOKMARK [0][-]{chapter.10}{Gravity}{part.2}% 155
\BOOKMARK [1][-]{section.10.1}{Kepler's laws}{chapter.10}% 156
\BOOKMARK [1][-]{section.10.2}{Newton's law of gravity}{chapter.10}% 157
\BOOKMARK [2][-]{subsection.10.2.1}{The sun's force on the planets obeys an inverse square law.}{section.10.2}% 158
\BOOKMARK [2][-]{subsection.10.2.2}{The forces between heavenly bodies are the same type of force as terrestrial gravity.}{section.10.2}% 159
\BOOKMARK [2][-]{subsection.10.2.3}{Newton's law of gravity}{section.10.2}% 160
\BOOKMARK [1][-]{section.10.3}{Apparent weightlessness}{chapter.10}% 161
\BOOKMARK [1][-]{section.10.4}{Vector addition of gravitational forces}{chapter.10}% 162
\BOOKMARK [1][-]{section.10.5}{Weighing the earth}{chapter.10}% 163
\BOOKMARK [1][-]{section.10.6}{ Dark energy}{chapter.10}% 164
\BOOKMARK [1][-]{section.10.7}{ A gravitational test of Newton's first law}{chapter.10}% 165
\BOOKMARK [1][-]{figctr.10.18}{Summary}{chapter.10}% 166
\BOOKMARK [1][-]{figctr.10.18}{Problems}{chapter.10}% 167
\BOOKMARK [1][-]{figctr.10.24}{Exercise 10: The shell theorem}{chapter.10}% 168
\BOOKMARK [-1][-]{part.3}{ Conservation laws}{}% 169
\BOOKMARK [0][-]{chapter.11}{Conservation of energy}{part.3}% 170
\BOOKMARK [1][-]{section.11.1}{The search for a perpetual motion machine}{chapter.11}% 171
\BOOKMARK [1][-]{section.11.2}{Energy}{chapter.11}% 172
\BOOKMARK [1][-]{section.11.3}{A numerical scale of energy}{chapter.11}% 173
\BOOKMARK [2][-]{subsection.11.3.1}{How new forms of energy are discovered}{section.11.3}% 174
\BOOKMARK [1][-]{section.11.4}{Kinetic energy}{chapter.11}% 175
\BOOKMARK [2][-]{subsection.11.4.1}{Energy and relative motion}{section.11.4}% 176
\BOOKMARK [1][-]{section.11.5}{Power}{chapter.11}% 177
\BOOKMARK [1][-]{egctr.11.9}{Summary}{chapter.11}% 178
\BOOKMARK [1][-]{egctr.11.9}{Problems}{chapter.11}% 179
\BOOKMARK [0][-]{chapter.12}{Simplifying the energy zoo}{part.3}% 180
\BOOKMARK [1][-]{section.12.1}{Heat is kinetic energy}{chapter.12}% 181
\BOOKMARK [1][-]{section.12.2}{Potential energy: energy of distance or closeness}{chapter.12}% 182
\BOOKMARK [2][-]{subsection.12.2.1}{An equation for gravitational potential energy}{section.12.2}% 183
\BOOKMARK [1][-]{section.12.3}{All energy is potential or kinetic}{chapter.12}% 184
\BOOKMARK [1][-]{dqctr.12.3.0.1}{Summary}{chapter.12}% 185
\BOOKMARK [1][-]{dqctr.12.3.0.1}{Problems}{chapter.12}% 186
\BOOKMARK [0][-]{chapter.13}{Work: the transfer of mechanical energy}{part.3}% 187
\BOOKMARK [1][-]{section.13.1}{Work: the transfer of mechanical energy}{chapter.13}% 188
\BOOKMARK [2][-]{subsection.13.1.1}{The concept of work}{section.13.1}% 189
\BOOKMARK [2][-]{subsection.13.1.2}{Calculating work as force multiplied by distance}{section.13.1}% 190
\BOOKMARK [2][-]{subsection.13.1.3}{Machines can increase force, but not work.}{section.13.1}% 191
\BOOKMARK [2][-]{subsection.13.1.4}{No work is done without motion.}{section.13.1}% 192
\BOOKMARK [2][-]{subsection.13.1.5}{Positive and negative work}{section.13.1}% 193
\BOOKMARK [1][-]{section.13.2}{Work in three dimensions}{chapter.13}% 194
\BOOKMARK [2][-]{subsection.13.2.1}{A force perpendicular to the motion does no work.}{section.13.2}% 195
\BOOKMARK [2][-]{subsection.13.2.2}{Forces at other angles}{section.13.2}% 196
\BOOKMARK [1][-]{section.13.3}{Varying force}{chapter.13}% 197
\BOOKMARK [1][-]{section.13.4}{ Applications of calculus}{chapter.13}% 198
\BOOKMARK [1][-]{section.13.5}{Work and potential energy}{chapter.13}% 199
\BOOKMARK [1][-]{section.13.6}{ When does work equal force times distance?}{chapter.13}% 200
\BOOKMARK [1][-]{section.13.7}{ The dot product}{chapter.13}% 201
\BOOKMARK [1][-]{egctr.13.13}{Summary}{chapter.13}% 202
\BOOKMARK [1][-]{egctr.13.13}{Problems}{chapter.13}% 203
\BOOKMARK [0][-]{chapter.14}{Conservation of momentum}{part.3}% 204
\BOOKMARK [1][-]{section.14.1}{Momentum}{chapter.14}% 205
\BOOKMARK [2][-]{subsection.14.1.1}{A conserved quantity of motion}{section.14.1}% 206
\BOOKMARK [2][-]{subsection.14.1.2}{Momentum}{section.14.1}% 207
\BOOKMARK [2][-]{subsection.14.1.3}{Generalization of the momentum concept}{section.14.1}% 208
\BOOKMARK [2][-]{subsection.14.1.4}{Momentum compared to kinetic energy}{section.14.1}% 209
\BOOKMARK [1][-]{section.14.2}{Collisions in one dimension}{chapter.14}% 210
\BOOKMARK [2][-]{subsection.14.2.1}{The discovery of the neutron}{section.14.2}% 211
\BOOKMARK [1][-]{section.14.3}{ Relationship of momentum to the center of mass}{chapter.14}% 212
\BOOKMARK [2][-]{subsection.14.3.1}{Momentum in different frames of reference}{section.14.3}% 213
\BOOKMARK [2][-]{subsection.14.3.2}{The center of mass frame of reference}{section.14.3}% 214
\BOOKMARK [1][-]{section.14.4}{Momentum transfer}{chapter.14}% 215
\BOOKMARK [2][-]{subsection.14.4.1}{The rate of change of momentum}{section.14.4}% 216
\BOOKMARK [2][-]{subsection.14.4.2}{The area under the force-time graph}{section.14.4}% 217
\BOOKMARK [1][-]{section.14.5}{Momentum in three dimensions}{chapter.14}% 218
\BOOKMARK [2][-]{subsection.14.5.1}{The center of mass}{section.14.5}% 219
\BOOKMARK [2][-]{subsection.14.5.2}{Counting equations and unknowns}{section.14.5}% 220
\BOOKMARK [2][-]{subsection.14.5.3}{Calculations with the momentum vector}{section.14.5}% 221
\BOOKMARK [1][-]{section.14.6}{ Applications of calculus}{chapter.14}% 222
\BOOKMARK [1][-]{egctr.14.22}{Summary}{chapter.14}% 223
\BOOKMARK [1][-]{egctr.14.22}{Problems}{chapter.14}% 224
\BOOKMARK [0][-]{chapter.15}{Conservation of angular momentum}{part.3}% 225
\BOOKMARK [1][-]{section.15.1}{Conservation of angular momentum}{chapter.15}% 226
\BOOKMARK [2][-]{subsection.15.1.1}{Restriction to rotation in a plane}{section.15.1}% 227
\BOOKMARK [1][-]{section.15.2}{Angular momentum in planetary motion}{chapter.15}% 228
\BOOKMARK [1][-]{section.15.3}{Two theorems about angular momentum}{chapter.15}% 229
\BOOKMARK [1][-]{section.15.4}{Torque: the rate of transfer of angular momentum}{chapter.15}% 230
\BOOKMARK [2][-]{subsection.15.4.1}{Torque distinguished from force}{section.15.4}% 231
\BOOKMARK [2][-]{subsection.15.4.2}{Relationship between force and torque}{section.15.4}% 232
\BOOKMARK [2][-]{subsection.15.4.3}{The torque due to gravity}{section.15.4}% 233
\BOOKMARK [1][-]{section.15.5}{Statics}{chapter.15}% 234
\BOOKMARK [2][-]{subsection.15.5.1}{Equilibrium}{section.15.5}% 235
\BOOKMARK [2][-]{subsection.15.5.2}{Stable and unstable equilibria}{section.15.5}% 236
\BOOKMARK [1][-]{section.15.6}{Simple Machines: the lever}{chapter.15}% 237
\BOOKMARK [1][-]{section.15.7}{ Proof of Kepler's elliptical orbit law}{chapter.15}% 238
\BOOKMARK [1][-]{figctr.15.31}{Summary}{chapter.15}% 239
\BOOKMARK [1][-]{figctr.15.31}{Problems}{chapter.15}% 240
\BOOKMARK [1][-]{figctr.15.40}{Exercise 15: Torque}{chapter.15}% 241
\BOOKMARK [0][-]{chapter.16}{Thermodynamics}{part.3}% 242
\BOOKMARK [1][-]{section.16.1}{Pressure and temperature}{chapter.16}% 243
\BOOKMARK [2][-]{subsection.16.1.1}{Pressure}{section.16.1}% 244
\BOOKMARK [2][-]{subsection.16.1.2}{Temperature}{section.16.1}% 245
\BOOKMARK [1][-]{section.16.2}{Microscopic description of an ideal gas}{chapter.16}% 246
\BOOKMARK [2][-]{subsection.16.2.1}{Evidence for the kinetic theory}{section.16.2}% 247
\BOOKMARK [2][-]{subsection.16.2.2}{Pressure, volume, and temperature}{section.16.2}% 248
\BOOKMARK [1][-]{section.16.3}{Entropy}{chapter.16}% 249
\BOOKMARK [2][-]{subsection.16.3.1}{Efficiency and grades of energy}{section.16.3}% 250
\BOOKMARK [2][-]{subsection.16.3.2}{Heat engines}{section.16.3}% 251
\BOOKMARK [2][-]{subsection.16.3.3}{Entropy}{section.16.3}% 252
\BOOKMARK [1][-]{egctr.16.21}{Problems}{chapter.16}% 253
\BOOKMARK [-1][-]{part.4}{ Vibrations and waves}{}% 254
\BOOKMARK [0][-]{chapter.17}{Vibrations}{part.4}% 255
\BOOKMARK [1][-]{section.17.1}{Period, frequency, and amplitude}{chapter.17}% 256
\BOOKMARK [1][-]{section.17.2}{Simple harmonic motion}{chapter.17}% 257
\BOOKMARK [2][-]{subsection.17.2.1}{Why are sine-wave vibrations so common?}{section.17.2}% 258
\BOOKMARK [2][-]{subsection.17.2.2}{Period is approximately independent of amplitude, if the amplitude is small.}{section.17.2}% 259
\BOOKMARK [1][-]{section.17.3}{ Proofs}{chapter.17}% 260
\BOOKMARK [1][-]{figctr.17.10}{Summary}{chapter.17}% 261
\BOOKMARK [1][-]{figctr.17.10}{Problems}{chapter.17}% 262
\BOOKMARK [1][-]{figctr.17.12}{Exercise 17: Vibrations}{chapter.17}% 263
\BOOKMARK [0][-]{chapter.18}{Resonance}{part.4}% 264
\BOOKMARK [1][-]{section.18.1}{Energy in vibrations}{chapter.18}% 265
\BOOKMARK [1][-]{section.18.2}{Energy lost from vibrations}{chapter.18}% 266
\BOOKMARK [1][-]{section.18.3}{Putting energy into vibrations}{chapter.18}% 267
\BOOKMARK [1][-]{section.18.4}{ Proofs}{chapter.18}% 268
\BOOKMARK [2][-]{subsection.18.4.1}{Statement 2: maximum amplitude at resonance}{section.18.4}% 269
\BOOKMARK [2][-]{subsection.18.4.2}{Statement 3: amplitude at resonance proportional to Q}{section.18.4}% 270
\BOOKMARK [2][-]{subsection.18.4.3}{Statement 4: FWHM related to Q}{section.18.4}% 271
\BOOKMARK [1][-]{subsection.18.4.3}{Summary}{chapter.18}% 272
\BOOKMARK [1][-]{subsection.18.4.3}{Problems}{chapter.18}% 273
\BOOKMARK [1][-]{Item.16}{Exercise 18: Resonance}{chapter.18}% 274
\BOOKMARK [0][-]{chapter.19}{Free waves}{part.4}% 275
\BOOKMARK [1][-]{section.19.1}{Wave motion}{chapter.19}% 276
\BOOKMARK [2][-]{subsection.19.1.1}{1. Superposition}{section.19.1}% 277
\BOOKMARK [2][-]{subsection.19.1.2}{2. The medium is not transported with the wave.}{section.19.1}% 278
\BOOKMARK [2][-]{subsection.19.1.3}{3. A wave's velocity depends on the medium.}{section.19.1}% 279
\BOOKMARK [2][-]{subsection.19.1.4}{Wave patterns}{section.19.1}% 280
\BOOKMARK [1][-]{section.19.2}{Waves on a string}{chapter.19}% 281
\BOOKMARK [2][-]{subsection.19.2.1}{Intuitive ideas}{section.19.2}% 282
\BOOKMARK [2][-]{subsection.19.2.2}{Approximate treatment}{section.19.2}% 283
\BOOKMARK [2][-]{subsection.19.2.3}{Rigorous derivation using calculus \(optional\)}{section.19.2}% 284
\BOOKMARK [2][-]{subsection.19.2.4}{Significance of the result}{section.19.2}% 285
\BOOKMARK [1][-]{section.19.3}{Sound and light waves}{chapter.19}% 286
\BOOKMARK [2][-]{subsection.19.3.1}{Sound waves}{section.19.3}% 287
\BOOKMARK [2][-]{subsection.19.3.2}{Light waves}{section.19.3}% 288
\BOOKMARK [1][-]{section.19.4}{Periodic waves}{chapter.19}% 289
\BOOKMARK [2][-]{subsection.19.4.1}{Period and frequency of a periodic wave}{section.19.4}% 290
\BOOKMARK [2][-]{subsection.19.4.2}{Graphs of waves as a function of position}{section.19.4}% 291
\BOOKMARK [2][-]{subsection.19.4.3}{Wavelength}{section.19.4}% 292
\BOOKMARK [2][-]{subsection.19.4.4}{Wave velocity related to frequency and wavelength}{section.19.4}% 293
\BOOKMARK [2][-]{subsection.19.4.5}{Sinusoidal waves}{section.19.4}% 294
\BOOKMARK [1][-]{section.19.5}{The Doppler effect}{chapter.19}% 295
\BOOKMARK [2][-]{subsection.19.5.1}{The Big Bang}{section.19.5}% 296
\BOOKMARK [2][-]{subsection.19.5.2}{What the Big Bang is not}{section.19.5}% 297
\BOOKMARK [1][-]{dqctr.19.5.2.4}{Summary}{chapter.19}% 298
\BOOKMARK [1][-]{dqctr.19.5.2.4}{Problems}{chapter.19}% 299
\BOOKMARK [0][-]{chapter.20}{Bounded waves}{part.4}% 300
\BOOKMARK [1][-]{section.20.1}{Reflection, transmission, and absorption}{chapter.20}% 301
\BOOKMARK [2][-]{subsection.20.1.1}{Reflection and transmission}{section.20.1}% 302
\BOOKMARK [2][-]{subsection.20.1.2}{Inverted and uninverted reflections}{section.20.1}% 303
\BOOKMARK [2][-]{subsection.20.1.3}{Absorption}{section.20.1}% 304
\BOOKMARK [1][-]{section.20.2}{ Quantitative treatment of reflection}{chapter.20}% 305
\BOOKMARK [2][-]{subsection.20.2.1}{Why reflection occurs}{section.20.2}% 306
\BOOKMARK [2][-]{subsection.20.2.2}{Intensity of reflection}{section.20.2}% 307
\BOOKMARK [2][-]{subsection.20.2.3}{Inverted and uninverted reflections in general}{section.20.2}% 308
\BOOKMARK [1][-]{section.20.3}{Interference effects}{chapter.20}% 309
\BOOKMARK [1][-]{section.20.4}{Waves bounded on both sides}{chapter.20}% 310
\BOOKMARK [2][-]{subsection.20.4.1}{Musical applications}{section.20.4}% 311
\BOOKMARK [2][-]{subsection.20.4.2}{Standing waves}{section.20.4}% 312
\BOOKMARK [2][-]{subsection.20.4.3}{Standing-wave patterns of air columns}{section.20.4}% 313
\BOOKMARK [1][-]{figctr.20.28}{Summary}{chapter.20}% 314
\BOOKMARK [1][-]{figctr.20.28}{Problems}{chapter.20}% 315
\BOOKMARK [1][-]{figctr.20.29}{Three essential mathematical skills}{chapter.20}% 316
\BOOKMARK [1][-]{figctr.20.29}{Photo credits for volume 1}{chapter.20}% 317
\BOOKMARK [-1][-]{part.5}{ Relativity and electromagnetism}{}% 318
\BOOKMARK [0][-]{chapter.21}{Electricity and circuits}{part.5}% 319
\BOOKMARK [1][-]{section.21.1}{The quest for the atomic force}{chapter.21}% 320
\BOOKMARK [1][-]{section.21.2}{Electrical forces}{chapter.21}% 321
\BOOKMARK [2][-]{subsection.21.2.1}{Charge}{section.21.2}% 322
\BOOKMARK [2][-]{subsection.21.2.2}{Conservation of charge}{section.21.2}% 323
\BOOKMARK [2][-]{subsection.21.2.3}{Electrical forces involving neutral objects}{section.21.2}% 324
\BOOKMARK [1][-]{section.21.3}{Current}{chapter.21}% 325
\BOOKMARK [2][-]{subsection.21.3.1}{Unity of all types of electricity}{section.21.3}% 326
\BOOKMARK [2][-]{subsection.21.3.2}{Electric current}{section.21.3}% 327
\BOOKMARK [1][-]{section.21.4}{Circuits}{chapter.21}% 328
\BOOKMARK [1][-]{section.21.5}{Voltage}{chapter.21}% 329
\BOOKMARK [2][-]{subsection.21.5.1}{The volt unit}{section.21.5}% 330
\BOOKMARK [2][-]{subsection.21.5.2}{The voltage concept in general}{section.21.5}% 331
\BOOKMARK [1][-]{section.21.6}{Resistance}{chapter.21}% 332
\BOOKMARK [2][-]{subsection.21.6.1}{Resistance}{section.21.6}% 333
\BOOKMARK [2][-]{subsection.21.6.2}{Superconductors}{section.21.6}% 334
\BOOKMARK [2][-]{subsection.21.6.3}{Constant voltage throughout a conductor}{section.21.6}% 335
\BOOKMARK [2][-]{subsection.21.6.4}{Short circuits}{section.21.6}% 336
\BOOKMARK [2][-]{subsection.21.6.5}{Resistors}{section.21.6}% 337
\BOOKMARK [1][-]{section.21.7}{ Applications of calculus}{chapter.21}% 338
\BOOKMARK [1][-]{section.21.8}{Series and parallel circuits}{chapter.21}% 339
\BOOKMARK [2][-]{subsection.21.8.1}{Schematics}{section.21.8}% 340
\BOOKMARK [2][-]{subsection.21.8.2}{Parallel resistances and the junction rule}{section.21.8}% 341
\BOOKMARK [2][-]{subsection.21.8.3}{Series resistances}{section.21.8}% 342
\BOOKMARK [1][-]{dqctr.21.8.3.1}{Summary}{chapter.21}% 343
\BOOKMARK [1][-]{dqctr.21.8.3.1}{Problems}{chapter.21}% 344
\BOOKMARK [1][-]{figctr.21.46}{Exercise 21A: Electrical measurements}{chapter.21}% 345
\BOOKMARK [1][-]{figctr.21.46}{Exercise 21B: Voltage and current}{chapter.21}% 346
\BOOKMARK [1][-]{figctr.21.46}{Exercise 21C: Reasoning about circuits}{chapter.21}% 347
\BOOKMARK [0][-]{chapter.22}{The Nonmechanical Universe}{part.5}% 348
\BOOKMARK [1][-]{section.22.1}{The stage and the actors}{chapter.22}% 349
\BOOKMARK [2][-]{subsection.22.1.1}{Newton's instantaneous action at a distance}{section.22.1}% 350
\BOOKMARK [2][-]{subsection.22.1.2}{No absolute time}{section.22.1}% 351
\BOOKMARK [2][-]{subsection.22.1.3}{Causality}{section.22.1}% 352
\BOOKMARK [2][-]{subsection.22.1.4}{Time delays in forces exerted at a distance}{section.22.1}% 353
\BOOKMARK [2][-]{subsection.22.1.5}{More evidence that fields of force are real: they carry energy.}{section.22.1}% 354
\BOOKMARK [1][-]{section.22.2}{The gravitational field}{chapter.22}% 355
\BOOKMARK [2][-]{subsection.22.2.1}{Sources and sinks}{section.22.2}% 356
\BOOKMARK [2][-]{subsection.22.2.2}{Superposition of fields}{section.22.2}% 357
\BOOKMARK [2][-]{subsection.22.2.3}{Gravitational waves}{section.22.2}% 358
\BOOKMARK [1][-]{section.22.3}{The electric field}{chapter.22}% 359
\BOOKMARK [2][-]{subsection.22.3.1}{Definition}{section.22.3}% 360
\BOOKMARK [2][-]{subsection.22.3.2}{Dipoles}{section.22.3}% 361
\BOOKMARK [2][-]{subsection.22.3.3}{Alternative definition of the electric field}{section.22.3}% 362
\BOOKMARK [2][-]{subsection.22.3.4}{Voltage related to electric field}{section.22.3}% 363
\BOOKMARK [1][-]{section.22.4}{Calculating energy in fields}{chapter.22}% 364
\BOOKMARK [1][-]{section.22.5}{ Voltage for nonuniform fields}{chapter.22}% 365
\BOOKMARK [1][-]{section.22.6}{Two or three dimensions}{chapter.22}% 366
\BOOKMARK [1][-]{section.22.7}{ Field lines and Gauss's law}{chapter.22}% 367
\BOOKMARK [1][-]{section.22.8}{ Electric field of a continuous charge distribution}{chapter.22}% 368
\BOOKMARK [1][-]{egctr.22.16}{Summary}{chapter.22}% 369
\BOOKMARK [1][-]{egctr.22.16}{Problems}{chapter.22}% 370
\BOOKMARK [1][-]{figctr.22.32}{Exercise 22: Field vectors}{chapter.22}% 371
\BOOKMARK [0][-]{chapter.23}{Relativity and magnetism}{part.5}% 372
\BOOKMARK [1][-]{section.23.1}{Relativistic distortion of space and time}{chapter.23}% 373
\BOOKMARK [2][-]{subsection.23.1.1}{Time distortion arising from motion and gravity}{section.23.1}% 374
\BOOKMARK [2][-]{subsection.23.1.2}{The Lorentz transformation}{section.23.1}% 375
\BOOKMARK [2][-]{subsection.23.1.3}{The \040factor}{section.23.1}% 376
\BOOKMARK [1][-]{section.23.2}{Magnetic interactions}{chapter.23}% 377
\BOOKMARK [2][-]{subsection.23.2.1}{Relativity requires magnetism}{section.23.2}% 378
\BOOKMARK [1][-]{dqctr.23.2.1.1}{Summary}{chapter.23}% 379
\BOOKMARK [1][-]{dqctr.23.2.1.1}{Problems}{chapter.23}% 380
\BOOKMARK [0][-]{chapter.24}{Electromagnetism}{part.5}% 381
\BOOKMARK [1][-]{section.24.1}{The magnetic field}{chapter.24}% 382
\BOOKMARK [2][-]{subsection.24.1.1}{No magnetic monopoles}{section.24.1}% 383
\BOOKMARK [2][-]{subsection.24.1.2}{Definition of the magnetic field}{section.24.1}% 384
\BOOKMARK [2][-]{subsection.24.1.3}{Relativity}{section.24.1}% 385
\BOOKMARK [1][-]{section.24.2}{Calculating magnetic fields and forces}{chapter.24}% 386
\BOOKMARK [2][-]{subsection.24.2.1}{Magnetostatics}{section.24.2}% 387
\BOOKMARK [2][-]{subsection.24.2.2}{Force on a charge moving through a magnetic field}{section.24.2}% 388
\BOOKMARK [2][-]{subsection.24.2.3}{Energy in the magnetic field}{section.24.2}% 389
\BOOKMARK [1][-]{section.24.3}{The universal speed c}{chapter.24}% 390
\BOOKMARK [2][-]{subsection.24.3.1}{Velocities don't simply add and subtract.}{section.24.3}% 391
\BOOKMARK [2][-]{subsection.24.3.2}{A universal speed limit}{section.24.3}% 392
\BOOKMARK [2][-]{subsection.24.3.3}{Light travels at c.}{section.24.3}% 393
\BOOKMARK [2][-]{subsection.24.3.4}{The Michelson-Morley experiment}{section.24.3}% 394
\BOOKMARK [1][-]{section.24.4}{Induction}{chapter.24}% 395
\BOOKMARK [2][-]{subsection.24.4.1}{The principle of induction}{section.24.4}% 396
\BOOKMARK [1][-]{section.24.5}{Electromagnetic waves}{chapter.24}% 397
\BOOKMARK [2][-]{subsection.24.5.1}{Polarization}{section.24.5}% 398
\BOOKMARK [2][-]{subsection.24.5.2}{Light is an electromagnetic wave}{section.24.5}% 399
\BOOKMARK [2][-]{subsection.24.5.3}{The electromagnetic spectrum}{section.24.5}% 400
\BOOKMARK [2][-]{subsection.24.5.4}{Momentum of light}{section.24.5}% 401
\BOOKMARK [1][-]{section.24.6}{ Symmetry and handedness}{chapter.24}% 402
\BOOKMARK [1][-]{section.24.7}{ Doppler shifts and clock time}{chapter.24}% 403
\BOOKMARK [2][-]{subsection.24.7.1}{Doppler shifts of light}{section.24.7}% 404
\BOOKMARK [2][-]{subsection.24.7.2}{ Clock time}{section.24.7}% 405
\BOOKMARK [1][-]{figctr.24.24}{Summary}{chapter.24}% 406
\BOOKMARK [1][-]{figctr.24.24}{Problems}{chapter.24}% 407
\BOOKMARK [1][-]{figctr.24.28}{Exercise 24A: Polarization}{chapter.24}% 408
\BOOKMARK [1][-]{figctr.24.28}{Exercise 24B: Events and spacetime}{chapter.24}% 409
\BOOKMARK [0][-]{chapter.25}{Capacitance and Inductance}{part.5}% 410
\BOOKMARK [1][-]{section.25.1}{Capacitance and inductance}{chapter.25}% 411
\BOOKMARK [2][-]{subsection.25.1.1}{Capacitors}{section.25.1}% 412
\BOOKMARK [2][-]{subsection.25.1.2}{Inductors}{section.25.1}% 413
\BOOKMARK [1][-]{section.25.2}{Oscillations}{chapter.25}% 414
\BOOKMARK [1][-]{section.25.3}{Voltage and current}{chapter.25}% 415
\BOOKMARK [1][-]{section.25.4}{Decay}{chapter.25}% 416
\BOOKMARK [2][-]{subsection.25.4.1}{The RC circuit}{section.25.4}% 417
\BOOKMARK [2][-]{subsection.25.4.2}{The RL circuit}{section.25.4}% 418
\BOOKMARK [1][-]{section.25.5}{Impedance}{chapter.25}% 419
\BOOKMARK [1][-]{dqctr.25.5.0.2}{Problems}{chapter.25}% 420
\BOOKMARK [0][-]{chapter.26}{The atom and E=mc2}{part.5}% 421
\BOOKMARK [1][-]{section.26.1}{Atoms}{chapter.26}% 422
\BOOKMARK [2][-]{subsection.26.1.1}{The chemical elements}{section.26.1}% 423
\BOOKMARK [2][-]{subsection.26.1.2}{Making sense of the elements}{section.26.1}% 424
\BOOKMARK [2][-]{subsection.26.1.3}{Direct proof that atoms existed}{section.26.1}% 425
\BOOKMARK [1][-]{section.26.2}{Quantization of charge}{chapter.26}% 426
\BOOKMARK [1][-]{section.26.3}{The electron}{chapter.26}% 427
\BOOKMARK [2][-]{subsection.26.3.1}{Cathode rays}{section.26.3}% 428
\BOOKMARK [2][-]{subsection.26.3.2}{Were cathode rays a form of light, or of matter?}{section.26.3}% 429
\BOOKMARK [2][-]{subsection.26.3.3}{Thomson's experiments}{section.26.3}% 430
\BOOKMARK [2][-]{subsection.26.3.4}{The cathode ray as a subatomic particle: the electron}{section.26.3}% 431
\BOOKMARK [2][-]{subsection.26.3.5}{The raisin cookie model}{section.26.3}% 432
\BOOKMARK [1][-]{section.26.4}{The nucleus}{chapter.26}% 433
\BOOKMARK [2][-]{subsection.26.4.1}{Radioactivity}{section.26.4}% 434
\BOOKMARK [2][-]{subsection.26.4.2}{The planetary model}{section.26.4}% 435
\BOOKMARK [2][-]{subsection.26.4.3}{Atomic number}{section.26.4}% 436
\BOOKMARK [2][-]{subsection.26.4.4}{The structure of nuclei}{section.26.4}% 437
\BOOKMARK [2][-]{subsection.26.4.5}{The strong nuclear force, alpha decay and fission}{section.26.4}% 438
\BOOKMARK [2][-]{subsection.26.4.6}{The weak nuclear force; beta decay}{section.26.4}% 439
\BOOKMARK [2][-]{subsection.26.4.7}{Fusion}{section.26.4}% 440
\BOOKMARK [2][-]{subsection.26.4.8}{Nuclear energy and binding energies}{section.26.4}% 441
\BOOKMARK [2][-]{subsection.26.4.9}{Biological effects of ionizing radiation}{section.26.4}% 442
\BOOKMARK [2][-]{subsection.26.4.10}{ The creation of the elements}{section.26.4}% 443
\BOOKMARK [1][-]{section.26.5}{Relativistic mass and energy}{chapter.26}% 444
\BOOKMARK [2][-]{subsection.26.5.1}{Momentum}{section.26.5}% 445
\BOOKMARK [2][-]{subsection.26.5.2}{Equivalence of mass and energy}{section.26.5}% 446
\BOOKMARK [1][-]{section.26.6}{ Proofs}{chapter.26}% 447
\BOOKMARK [2][-]{subsection.26.6.1}{Transformation of the fields in a light wave}{section.26.6}% 448
\BOOKMARK [2][-]{subsection.26.6.2}{Transformation of the volume of a light wave}{section.26.6}% 449
\BOOKMARK [2][-]{subsection.26.6.3}{Transformation of the energy of a light wave}{section.26.6}% 450
\BOOKMARK [2][-]{subsection.26.6.4}{E=mc2}{section.26.6}% 451
\BOOKMARK [2][-]{subsection.26.6.5}{P=mv}{section.26.6}% 452
\BOOKMARK [1][-]{section.26.7}{ Two tests of Newton's third law}{chapter.26}% 453
\BOOKMARK [1][-]{figctr.26.44}{Summary}{chapter.26}% 454
\BOOKMARK [1][-]{figctr.26.44}{Problems}{chapter.26}% 455
\BOOKMARK [1][-]{figctr.26.46}{Exercise 26A: Sports in Slowlightland}{chapter.26}% 456
\BOOKMARK [1][-]{figctr.26.46}{Exercise 26B: Nuclear decay}{chapter.26}% 457
\BOOKMARK [1][-]{figctr.26.46}{Exercise 26C: Misconceptions about relativity}{chapter.26}% 458
\BOOKMARK [0][-]{chapter.27}{General relativity}{part.5}% 459
\BOOKMARK [1][-]{section.27.1}{Our universe isn't Euclidean}{chapter.27}% 460
\BOOKMARK [2][-]{subsection.27.1.1}{Curvature}{section.27.1}% 461
\BOOKMARK [2][-]{subsection.27.1.2}{Curvature doesn't require higher dimensions}{section.27.1}% 462
\BOOKMARK [1][-]{section.27.2}{The equivalence principle}{chapter.27}% 463
\BOOKMARK [2][-]{subsection.27.2.1}{Universality of free-fall}{section.27.2}% 464
\BOOKMARK [2][-]{subsection.27.2.2}{Gravitational Doppler shifts and time dilation}{section.27.2}% 465
\BOOKMARK [2][-]{subsection.27.2.3}{Local flatness}{section.27.2}% 466
\BOOKMARK [2][-]{subsection.27.2.4}{Inertial frames}{section.27.2}% 467
\BOOKMARK [1][-]{section.27.3}{Black holes}{chapter.27}% 468
\BOOKMARK [2][-]{subsection.27.3.1}{Information paradox}{section.27.3}% 469
\BOOKMARK [2][-]{subsection.27.3.2}{Formation}{section.27.3}% 470
\BOOKMARK [1][-]{section.27.4}{Cosmology}{chapter.27}% 471
\BOOKMARK [2][-]{subsection.27.4.1}{The Big Bang}{section.27.4}% 472
\BOOKMARK [2][-]{subsection.27.4.2}{The cosmic censorship hypothesis}{section.27.4}% 473
\BOOKMARK [2][-]{subsection.27.4.3}{The advent of high-precision cosmology}{section.27.4}% 474
\BOOKMARK [2][-]{subsection.27.4.4}{Dark energy and dark matter}{section.27.4}% 475
\BOOKMARK [1][-]{subsection.27.4.4}{Problems}{chapter.27}% 476
\BOOKMARK [1][-]{figctr.27.18}{Exercise 27: Misconceptions about relativity}{chapter.27}% 477
\BOOKMARK [-1][-]{part.6}{ Optics}{}% 478
\BOOKMARK [0][-]{chapter.28}{The ray model of light}{part.6}% 479
\BOOKMARK [1][-]{section.28.1}{The nature of light}{chapter.28}% 480
\BOOKMARK [2][-]{subsection.28.1.1}{The cause and effect relationship in vision}{section.28.1}% 481
\BOOKMARK [2][-]{subsection.28.1.2}{Light is a thing, and it travels from one point to another.}{section.28.1}% 482
\BOOKMARK [2][-]{subsection.28.1.3}{Light can travel through a vacuum.}{section.28.1}% 483
\BOOKMARK [1][-]{section.28.2}{Interaction of light with matter}{chapter.28}% 484
\BOOKMARK [2][-]{subsection.28.2.1}{Absorption of light}{section.28.2}% 485
\BOOKMARK [2][-]{subsection.28.2.2}{How we see nonluminous objects}{section.28.2}% 486
\BOOKMARK [2][-]{subsection.28.2.3}{Numerical measurement of the brightness of light}{section.28.2}% 487
\BOOKMARK [1][-]{section.28.3}{The ray model of light}{chapter.28}% 488
\BOOKMARK [2][-]{subsection.28.3.1}{Models of light}{section.28.3}% 489
\BOOKMARK [2][-]{subsection.28.3.2}{Ray diagrams}{section.28.3}% 490
\BOOKMARK [1][-]{section.28.4}{Geometry of specular reflection}{chapter.28}% 491
\BOOKMARK [2][-]{subsection.28.4.1}{Reversibility of light rays}{section.28.4}% 492
\BOOKMARK [1][-]{section.28.5}{ The principle of least time for reflection}{chapter.28}% 493
\BOOKMARK [1][-]{figctr.28.17}{Summary}{chapter.28}% 494
\BOOKMARK [1][-]{figctr.28.17}{Problems}{chapter.28}% 495
\BOOKMARK [0][-]{chapter.29}{Images by reflection}{part.6}% 496
\BOOKMARK [1][-]{section.29.1}{A virtual image}{chapter.29}% 497
\BOOKMARK [1][-]{section.29.2}{Curved mirrors}{chapter.29}% 498
\BOOKMARK [1][-]{section.29.3}{A real image}{chapter.29}% 499
\BOOKMARK [1][-]{section.29.4}{Images of images}{chapter.29}% 500
\BOOKMARK [1][-]{dqctr.29.4.0.3}{Summary}{chapter.29}% 501
\BOOKMARK [1][-]{dqctr.29.4.0.3}{Problems}{chapter.29}% 502
\BOOKMARK [1][-]{figctr.29.13}{Exercise 29: Exploring images with a curved mirror}{chapter.29}% 503
\BOOKMARK [0][-]{chapter.30}{Images, quantitatively}{part.6}% 504
\BOOKMARK [1][-]{section.30.1}{A real image formed by a converging mirror}{chapter.30}% 505
\BOOKMARK [2][-]{subsection.30.1.1}{Location of the image}{section.30.1}% 506
\BOOKMARK [2][-]{subsection.30.1.2}{Magnification}{section.30.1}% 507
\BOOKMARK [1][-]{section.30.2}{Other cases with curved mirrors}{chapter.30}% 508
\BOOKMARK [1][-]{section.30.3}{ Aberrations}{chapter.30}% 509
\BOOKMARK [1][-]{figctr.30.12}{Summary}{chapter.30}% 510
\BOOKMARK [1][-]{Item.51}{Problems}{chapter.30}% 511
\BOOKMARK [1][-]{figctr.30.15}{Exercise 30: Object and image distances}{chapter.30}% 512
\BOOKMARK [0][-]{chapter.31}{Refraction}{part.6}% 513
\BOOKMARK [1][-]{section.31.1}{Refraction}{chapter.31}% 514
\BOOKMARK [2][-]{subsection.31.1.1}{Refraction}{section.31.1}% 515
\BOOKMARK [2][-]{subsection.31.1.2}{Refractive properties of media}{section.31.1}% 516
\BOOKMARK [2][-]{subsection.31.1.3}{Snell's law}{section.31.1}% 517
\BOOKMARK [2][-]{subsection.31.1.4}{The index of refraction is related to the speed of light.}{section.31.1}% 518
\BOOKMARK [2][-]{subsection.31.1.5}{A mechanical model of Snell's law}{section.31.1}% 519
\BOOKMARK [2][-]{subsection.31.1.6}{A derivation of Snell's law}{section.31.1}% 520
\BOOKMARK [2][-]{subsection.31.1.7}{Color and refraction}{section.31.1}% 521
\BOOKMARK [2][-]{subsection.31.1.8}{How much light is reflected, and how much is transmitted?}{section.31.1}% 522
\BOOKMARK [1][-]{section.31.2}{Lenses}{chapter.31}% 523
\BOOKMARK [1][-]{section.31.3}{ The lensmaker's equation}{chapter.31}% 524
\BOOKMARK [1][-]{section.31.4}{Dispersion}{chapter.31}% 525
\BOOKMARK [1][-]{section.31.5}{ The principle of least time for refraction}{chapter.31}% 526
\BOOKMARK [1][-]{section.31.6}{ Case study: the eye of the jumping spider}{chapter.31}% 527
\BOOKMARK [1][-]{figctr.31.19}{Summary}{chapter.31}% 528
\BOOKMARK [1][-]{figctr.31.19}{Problems}{chapter.31}% 529
\BOOKMARK [1][-]{figctr.31.24}{Exercise 31: How strong are your glasses?}{chapter.31}% 530
\BOOKMARK [0][-]{chapter.32}{Wave optics}{part.6}% 531
\BOOKMARK [1][-]{section.32.1}{Diffraction}{chapter.32}% 532
\BOOKMARK [1][-]{section.32.2}{Scaling of diffraction}{chapter.32}% 533
\BOOKMARK [1][-]{section.32.3}{The correspondence principle}{chapter.32}% 534
\BOOKMARK [1][-]{section.32.4}{Huygens' principle}{chapter.32}% 535
\BOOKMARK [1][-]{section.32.5}{Double-slit diffraction}{chapter.32}% 536
\BOOKMARK [1][-]{section.32.6}{Repetition}{chapter.32}% 537
\BOOKMARK [1][-]{section.32.7}{Single-slit diffraction}{chapter.32}% 538
\BOOKMARK [1][-]{section.32.8}{ The principle of least time}{chapter.32}% 539
\BOOKMARK [1][-]{figctr.32.28}{Summary}{chapter.32}% 540
\BOOKMARK [1][-]{figctr.32.28}{Problems}{chapter.32}% 541
\BOOKMARK [1][-]{figctr.32.29}{Exercise 32A: Double-source interference}{chapter.32}% 542
\BOOKMARK [1][-]{figctr.32.29}{Exercise 32B: Single-slit diffraction}{chapter.32}% 543
\BOOKMARK [1][-]{figctr.32.29}{Exercise 32C: Diffraction of light}{chapter.32}% 544
\BOOKMARK [-1][-]{part.7}{ The modern revolution in physics}{}% 545
\BOOKMARK [0][-]{chapter.33}{Rules of randomness}{part.7}% 546
\BOOKMARK [1][-]{section.33.1}{Randomness isn't random}{chapter.33}% 547
\BOOKMARK [1][-]{section.33.2}{Calculating randomness}{chapter.33}% 548
\BOOKMARK [2][-]{subsection.33.2.1}{Statistical independence}{section.33.2}% 549
\BOOKMARK [2][-]{subsection.33.2.2}{Addition of probabilities}{section.33.2}% 550
\BOOKMARK [2][-]{subsection.33.2.3}{Normalization}{section.33.2}% 551
\BOOKMARK [2][-]{subsection.33.2.4}{Averages}{section.33.2}% 552
\BOOKMARK [1][-]{section.33.3}{Probability distributions}{chapter.33}% 553
\BOOKMARK [2][-]{subsection.33.3.1}{Average and width of a probability distribution}{section.33.3}% 554
\BOOKMARK [1][-]{section.33.4}{Exponential decay and half-life}{chapter.33}% 555
\BOOKMARK [2][-]{subsection.33.4.1}{Rate of decay}{section.33.4}% 556
\BOOKMARK [1][-]{section.33.5}{ Applications of calculus}{chapter.33}% 557
\BOOKMARK [1][-]{egctr.33.6}{Summary}{chapter.33}% 558
\BOOKMARK [1][-]{egctr.33.6}{Problems}{chapter.33}% 559
\BOOKMARK [0][-]{chapter.34}{Light as a particle}{part.7}% 560
\BOOKMARK [1][-]{section.34.1}{Evidence for light as a particle}{chapter.34}% 561
\BOOKMARK [1][-]{section.34.2}{How much light is one photon?}{chapter.34}% 562
\BOOKMARK [2][-]{subsection.34.2.1}{The photoelectric effect}{section.34.2}% 563
\BOOKMARK [2][-]{subsection.34.2.2}{An unexpected dependence on frequency}{section.34.2}% 564
\BOOKMARK [2][-]{subsection.34.2.3}{Numerical relationship between energy and frequency}{section.34.2}% 565
\BOOKMARK [1][-]{section.34.3}{Wave-particle duality}{chapter.34}% 566
\BOOKMARK [2][-]{subsection.34.3.1}{A wrong interpretation: photons interfering with each other}{section.34.3}% 567
\BOOKMARK [2][-]{subsection.34.3.2}{The concept of a photon's path is undefined.}{section.34.3}% 568
\BOOKMARK [2][-]{subsection.34.3.3}{Another wrong interpretation: the pilot wave hypothesis}{section.34.3}% 569
\BOOKMARK [2][-]{subsection.34.3.4}{The probability interpretation}{section.34.3}% 570
\BOOKMARK [1][-]{section.34.4}{Photons in three dimensions}{chapter.34}% 571
\BOOKMARK [1][-]{figctr.34.14}{Summary}{chapter.34}% 572
\BOOKMARK [1][-]{figctr.34.14}{Problems}{chapter.34}% 573
\BOOKMARK [0][-]{chapter.35}{Matter as a wave}{part.7}% 574
\BOOKMARK [1][-]{section.35.1}{Electrons as waves}{chapter.35}% 575
\BOOKMARK [2][-]{subsection.35.1.1}{What kind of wave is it?}{section.35.1}% 576
\BOOKMARK [1][-]{section.35.2}{ Dispersive waves}{chapter.35}% 577
\BOOKMARK [1][-]{section.35.3}{Bound states}{chapter.35}% 578
\BOOKMARK [1][-]{section.35.4}{The uncertainty principle}{chapter.35}% 579
\BOOKMARK [2][-]{subsection.35.4.1}{The uncertainty principle}{section.35.4}% 580
\BOOKMARK [2][-]{subsection.35.4.2}{Measurement and Schr\366dinger's cat}{section.35.4}% 581
\BOOKMARK [1][-]{section.35.5}{Electrons in electric fields}{chapter.35}% 582
\BOOKMARK [2][-]{subsection.35.5.1}{Tunneling}{section.35.5}% 583
\BOOKMARK [1][-]{section.35.6}{ The Schr\366dinger equation}{chapter.35}% 584
\BOOKMARK [2][-]{subsection.35.6.1}{Use of complex numbers}{section.35.6}% 585
\BOOKMARK [1][-]{subsection.35.6.1}{Summary}{chapter.35}% 586
\BOOKMARK [1][-]{Item.58}{Problems}{chapter.35}% 587
\BOOKMARK [0][-]{chapter.36}{The atom}{part.7}% 588
\BOOKMARK [1][-]{section.36.1}{Classifying states}{chapter.36}% 589
\BOOKMARK [1][-]{section.36.2}{Angular momentum in three dimensions}{chapter.36}% 590
\BOOKMARK [2][-]{subsection.36.2.1}{Three-dimensional angular momentum in classical physics}{section.36.2}% 591
\BOOKMARK [2][-]{subsection.36.2.2}{Three-dimensional angular momentum in quantum physics}{section.36.2}% 592
\BOOKMARK [1][-]{section.36.3}{The hydrogen atom}{chapter.36}% 593
\BOOKMARK [1][-]{section.36.4}{ Energies of states in hydrogen}{chapter.36}% 594
\BOOKMARK [2][-]{subsection.36.4.1}{History}{section.36.4}% 595
\BOOKMARK [2][-]{subsection.36.4.2}{Approximate treatment}{section.36.4}% 596
\BOOKMARK [1][-]{section.36.5}{Electron spin}{chapter.36}% 597
\BOOKMARK [1][-]{section.36.6}{Atoms with more than one electron}{chapter.36}% 598
\BOOKMARK [2][-]{subsection.36.6.1}{Deriving the periodic table}{section.36.6}% 599
\BOOKMARK [1][-]{egctr.36.1}{Summary}{chapter.36}% 600
\BOOKMARK [1][-]{egctr.36.1}{Problems}{chapter.36}% 601
\BOOKMARK [1][-]{figctr.36.11}{Exercise 36: Quantum versus classical randomness}{chapter.36}% 602
\BOOKMARK [1][-]{figctr.36.11}{Photo credits for volume 2}{chapter.36}% 603
